[0720/092845.696:ERROR:process_memory_win.cc(73)] ReadMemory at 0x21e628b1360 of 72 bytes failed: Only part of a ReadProcessMemory or WriteProcessMemory request was completed. (0x12B)
[0720/092847.716:WARNING:pe_image_annotations_reader.cc(134)] could not read annotations list object in C:\Program Files (x86)\BraveSoftware\Brave-Browser\Application\84.1.11.97\chrome_elf.dll
[0720/092847.716:ERROR:process_memory_win.cc(73)] ReadMemory at 0x7ffff8640000 of 64 bytes failed: Only part of a ReadProcessMemory or WriteProcessMemory request was completed. (0x12B)
[0720/092847.716:WARNING:pe_image_reader.cc(340)] could not read dos header from C:\Windows\SYSTEM32\VERSION.dll
[0720/092847.717:ERROR:process_memory_win.cc(73)] ReadMemory at 0x7ffffebf0000 of 64 bytes failed: Only part of a ReadProcessMemory or WriteProcessMemory request was completed. (0x12B)
[0720/092848.321:WARNING:pe_image_reader.cc(340)] could not read dos header from C:\Windows\System32\msvcrt.dll
[0720/092848.321:ERROR:process_memory_win.cc(73)] ReadMemory at 0x7ffffcd00000 of 64 bytes failed: Only part of a ReadProcessMemory or WriteProcessMemory request was completed. (0x12B)
[0720/092848.321:WARNING:pe_image_reader.cc(340)] could not read dos header from C:\Windows\System32\bcryptPrimitives.dll
[0720/092848.321:ERROR:process_memory_win.cc(73)] ReadMemory at 0x7ffffd930000 of 64 bytes failed: Only part of a ReadProcessMemory or WriteProcessMemory request was completed. (0x12B)
[0720/092848.321:WARNING:pe_image_reader.cc(340)] could not read dos header from C:\Windows\System32\ADVAPI32.dll
[0720/092848.321:ERROR:process_memory_win.cc(73)] ReadMemory at 0x7fffff390000 of 64 bytes failed: Only part of a ReadProcessMemory or WriteProcessMemory request was completed. (0x12B)
[0720/092848.321:WARNING:pe_image_reader.cc(340)] could not read dos header from C:\Windows\System32\sechost.dll
[0720/092848.321:ERROR:process_memory_win.cc(73)] ReadMemory at 0x7ffffe8a0000 of 64 bytes failed: Only part of a ReadProcessMemory or WriteProcessMemory request was completed. (0x12B)
[0720/092848.321:WARNING:pe_image_reader.cc(340)] could not read dos header from C:\Windows\System32\RPCRT4.dll
[0720/092848.321:ERROR:process_memory_win.cc(73)] ReadMemory at 0x7fffad9a0000 of 64 bytes failed: Only part of a ReadProcessMemory or WriteProcessMemory request was completed. (0x12B)
[0720/092848.321:WARNING:pe_image_reader.cc(340)] could not read dos header from C:\Program Files (x86)\BraveSoftware\Brave-Browser\Application\84.1.11.97\chrome.dll
[0720/092848.321:ERROR:process_memory_win.cc(73)] ReadMemory at 0x21e62ae0000 of 64 bytes failed: Only part of a ReadProcessMemory or WriteProcessMemory request was completed. (0x12B)
[0720/092848.321:WARNING:pe_image_reader.cc(340)] could not read dos header from C:\Windows\System32\WS2_32.dll
[0720/092848.321:ERROR:process_memory_win.cc(73)] ReadMemory at 0x7ffffe750000 of 64 bytes failed: Only part of a ReadProcessMemory or WriteProcessMemory request was completed. (0x12B)
[0720/092848.321:WARNING:pe_image_reader.cc(340)] could not read dos header from C:\Windows\System32\OLEAUT32.dll
[0720/092848.321:ERROR:process_memory_win.cc(73)] ReadMemory at 0x7ffffc900000 of 64 bytes failed: Only part of a ReadProcessMemory or WriteProcessMemory request was completed. (0x12B)
[0720/092848.321:WARNING:pe_image_reader.cc(340)] could not read dos header from C:\Windows\System32\msvcp_win.dll
[0720/092848.321:ERROR:process_memory_win.cc(73)] ReadMemory at 0x7ffffc800000 of 64 bytes failed: Only part of a ReadProcessMemory or WriteProcessMemory request was completed. (0x12B)
[0720/092848.321:WARNING:pe_image_reader.cc(340)] could not read dos header from C:\Windows\System32\ucrtbase.dll
[0720/092848.321:ERROR:process_memory_win.cc(73)] ReadMemory at 0x7fffff430000 of 64 bytes failed: Only part of a ReadProcessMemory or WriteProcessMemory request was completed. (0x12B)
[0720/092848.321:WARNING:pe_image_reader.cc(340)] could not read dos header from C:\Windows\System32\combase.dll
[0720/092848.321:ERROR:process_memory_win.cc(73)] ReadMemory at 0x7ffffc9a0000 of 64 bytes failed: Only part of a ReadProcessMemory or WriteProcessMemory request was completed. (0x12B)
[0720/092848.321:WARNING:pe_image_reader.cc(340)] could not read dos header from C:\Windows\System32\WINTRUST.dll
[0720/092848.321:ERROR:process_memory_win.cc(73)] ReadMemory at 0x7ffffc7b0000 of 64 bytes failed: Only part of a ReadProcessMemory or WriteProcessMemory request was completed. (0x12B)
[0720/092848.321:WARNING:pe_image_reader.cc(340)] could not read dos header from C:\Windows\System32\MSASN1.dll
[0720/092848.321:ERROR:process_memory_win.cc(73)] ReadMemory at 0x7ffffd7e0000 of 64 bytes failed: Only part of a ReadProcessMemory or WriteProcessMemory request was completed. (0x12B)
[0720/092848.321:WARNING:pe_image_reader.cc(340)] could not read dos header from C:\Windows\System32\CRYPT32.dll
[0720/092848.321:ERROR:process_memory_win.cc(73)] ReadMemory at 0x7ffffbc50000 of 64 bytes failed: Only part of a ReadProcessMemory or WriteProcessMemory request was completed. (0x12B)
[0720/092848.321:WARNING:pe_image_reader.cc(340)] could not read dos header from C:\Windows\SYSTEM32\IPHLPAPI.DLL
[0720/092848.321:ERROR:process_memory_win.cc(73)] ReadMemory at 0x7ffff4f90000 of 64 bytes failed: Only part of a ReadProcessMemory or WriteProcessMemory request was completed. (0x12B)
[0720/092848.321:WARNING:pe_image_reader.cc(340)] could not read dos header from C:\Windows\SYSTEM32\WINMM.dll
[0720/092848.321:ERROR:process_memory_win.cc(73)] ReadMemory at 0x7ffff6370000 of 64 bytes failed: Only part of a ReadProcessMemory or WriteProcessMemory request was completed. (0x12B)
[0720/092848.321:WARNING:pe_image_reader.cc(340)] could not read dos header from C:\Windows\SYSTEM32\Secur32.dll
[0720/092848.321:ERROR:process_memory_win.cc(73)] ReadMemory at 0x7ffffc650000 of 64 bytes failed: Only part of a ReadProcessMemory or WriteProcessMemory request was completed. (0x12B)
[0720/092848.321:WARNING:pe_image_reader.cc(340)] could not read dos header from C:\Windows\SYSTEM32\USERENV.dll
[0720/092848.321:ERROR:process_memory_win.cc(73)] ReadMemory at 0x7ffffc7d0000 of 64 bytes failed: Only part of a ReadProcessMemory or WriteProcessMemory request was completed. (0x12B)
[0720/092848.321:WARNING:pe_image_reader.cc(340)] could not read dos header from C:\Windows\System32\profapi.dll
[0720/092848.321:ERROR:process_memory_win.cc(73)] ReadMemory at 0x7fffdd360000 of 64 bytes failed: Only part of a ReadProcessMemory or WriteProcessMemory request was completed. (0x12B)
[0720/092848.321:WARNING:pe_image_reader.cc(340)] could not read dos header from C:\Windows\SYSTEM32\UIAutomationCore.DLL
[0720/092848.321:ERROR:process_memory_win.cc(73)] ReadMemory at 0x7fffe7040000 of 64 bytes failed: Only part of a ReadProcessMemory or WriteProcessMemory request was completed. (0x12B)
[0720/092848.321:WARNING:pe_image_reader.cc(340)] could not read dos header from C:\Windows\SYSTEM32\DWrite.dll
[0720/092848.322:ERROR:process_memory_win.cc(73)] ReadMemory at 0x7ffff3790000 of 64 bytes failed: Only part of a ReadProcessMemory or WriteProcessMemory request was completed. (0x12B)
[0720/092848.322:WARNING:pe_image_reader.cc(340)] could not read dos header from C:\Windows\SYSTEM32\WINSPOOL.DRV
[0720/092848.322:ERROR:process_memory_win.cc(73)] ReadMemory at 0x7ffffc740000 of 64 bytes failed: Only part of a ReadProcessMemory or WriteProcessMemory request was completed. (0x12B)
[0720/092848.322:WARNING:pe_image_reader.cc(340)] could not read dos header from C:\Windows\System32\kernel.appcore.dll
[0720/092848.322:ERROR:process_memory_win.cc(73)] ReadMemory at 0x7ffffd560000 of 64 bytes failed: Only part of a ReadProcessMemory or WriteProcessMemory request was completed. (0x12B)
[0720/092848.322:WARNING:pe_image_reader.cc(340)] could not read dos header from C:\Windows\System32\bcrypt.dll
[0720/092848.322:ERROR:process_memory_win.cc(73)] ReadMemory at 0x7ffff4fc0000 of 64 bytes failed: Only part of a ReadProcessMemory or WriteProcessMemory request was completed. (0x12B)
[0720/092848.322:WARNING:pe_image_reader.cc(340)] could not read dos header from C:\Windows\SYSTEM32\dbghelp.dll
[0720/092848.718:ERROR:process_memory_win.cc(73)] ReadMemory at 0x7ffff8400000 of 64 bytes failed: Only part of a ReadProcessMemory or WriteProcessMemory request was completed. (0x12B)
[0720/092848.718:WARNING:pe_image_reader.cc(340)] could not read dos header from C:\Windows\SYSTEM32\WINHTTP.dll
[0720/092848.718:ERROR:process_memory_win.cc(73)] ReadMemory at 0x7ffff8880000 of 64 bytes failed: Only part of a ReadProcessMemory or WriteProcessMemory request was completed. (0x12B)
[0720/092848.718:WARNING:pe_image_reader.cc(340)] could not read dos header from C:\Windows\SYSTEM32\dhcpcsvc.DLL
[0720/092848.718:ERROR:process_memory_win.cc(73)] ReadMemory at 0x7ffffee60000 of 64 bytes failed: Only part of a ReadProcessMemory or WriteProcessMemory request was completed. (0x12B)
[0720/092848.718:WARNING:pe_image_reader.cc(340)] could not read dos header from C:\Windows\System32\NSI.dll
[0720/092848.718:ERROR:process_memory_win.cc(73)] ReadMemory at 0x7ffff4ea0000 of 64 bytes failed: Only part of a ReadProcessMemory or WriteProcessMemory request was completed. (0x12B)
[0720/092848.718:WARNING:pe_image_reader.cc(340)] could not read dos header from C:\Windows\SYSTEM32\WINMMBASE.dll
[0720/092848.718:ERROR:process_memory_win.cc(73)] ReadMemory at 0x7ffffd510000 of 64 bytes failed: Only part of a ReadProcessMemory or WriteProcessMemory request was completed. (0x12B)
[0720/092848.718:WARNING:pe_image_reader.cc(340)] could not read dos header from C:\Windows\System32\cfgmgr32.dll
[0720/092848.718:ERROR:process_memory_win.cc(73)] ReadMemory at 0x7ffff8ab0000 of 64 bytes failed: Only part of a ReadProcessMemory or WriteProcessMemory request was completed. (0x12B)
[0720/092848.718:WARNING:pe_image_reader.cc(340)] could not read dos header from C:\Windows\SYSTEM32\PROPSYS.dll
[0720/092848.718:ERROR:process_memory_win.cc(73)] ReadMemory at 0x7fffff1e0000 of 64 bytes failed: Only part of a ReadProcessMemory or WriteProcessMemory request was completed. (0x12B)
[0720/092848.718:WARNING:pe_image_reader.cc(340)] could not read dos header from C:\Windows\System32\shcore.dll
[0720/092848.718:ERROR:process_memory_win.cc(73)] ReadMemory at 0x7ffffc620000 of 64 bytes failed: Only part of a ReadProcessMemory or WriteProcessMemory request was completed. (0x12B)
[0720/092848.718:WARNING:pe_image_reader.cc(340)] could not read dos header from C:\Windows\SYSTEM32\SSPICLI.DLL
[0720/092848.718:ERROR:process_memory_win.cc(73)] ReadMemory at 0x7ffffc110000 of 64 bytes failed: Only part of a ReadProcessMemory or WriteProcessMemory request was completed. (0x12B)
[0720/092848.718:WARNING:pe_image_reader.cc(340)] could not read dos header from C:\Windows\SYSTEM32\CRYPTBASE.DLL
[0720/092848.913:ERROR:process_memory_win.cc(73)] ReadMemory at 0x7ff74d1f0000 of 64 bytes failed: Only part of a ReadProcessMemory or WriteProcessMemory request was completed. (0x12B)
[0720/092848.913:WARNING:pe_image_reader.cc(340)] could not read dos header from C:\Program Files (x86)\BraveSoftware\Brave-Browser\Application\brave.exe
[0720/092848.913:ERROR:process_memory_win.cc(73)] ReadMemory at 0x7fffff880000 of 64 bytes failed: Only part of a ReadProcessMemory or WriteProcessMemory request was completed. (0x12B)
[0720/092848.913:WARNING:pe_image_reader.cc(340)] could not read dos header from C:\Windows\SYSTEM32\ntdll.dll
[0720/092848.913:ERROR:process_memory_win.cc(73)] ReadMemory at 0x7ffffe9c0000 of 64 bytes failed: Only part of a ReadProcessMemory or WriteProcessMemory request was completed. (0x12B)
[0720/092848.913:WARNING:pe_image_reader.cc(340)] could not read dos header from C:\Windows\System32\KERNEL32.DLL
[0720/092848.913:ERROR:process_memory_win.cc(73)] ReadMemory at 0x7ffffca00000 of 64 bytes failed: Only part of a ReadProcessMemory or WriteProcessMemory request was completed. (0x12B)
[0720/092848.913:WARNING:pe_image_reader.cc(340)] could not read dos header from C:\Windows\System32\KERNELBASE.dll
[0720/092848.913:ERROR:process_memory_win.cc(73)] ReadMemory at 0x7fffeffd0000 of 64 bytes failed: Only part of a ReadProcessMemory or WriteProcessMemory request was completed. (0x12B)
[0720/092848.914:WARNING:pe_image_reader.cc(340)] could not read dos header from C:\Program Files (x86)\BraveSoftware\Brave-Browser\Application\84.1.11.97\chrome_elf.dll
[0720/092848.914:ERROR:process_memory_win.cc(73)] ReadMemory at 0x7ffff8640000 of 64 bytes failed: Only part of a ReadProcessMemory or WriteProcessMemory request was completed. (0x12B)
[0720/092848.914:WARNING:pe_image_reader.cc(340)] could not read dos header from C:\Windows\SYSTEM32\VERSION.dll
[0720/092848.914:ERROR:process_memory_win.cc(73)] ReadMemory at 0x7ffffebf0000 of 64 bytes failed: Only part of a ReadProcessMemory or WriteProcessMemory request was completed. (0x12B)
[0720/092848.914:WARNING:pe_image_reader.cc(340)] could not read dos header from C:\Windows\System32\msvcrt.dll
[0720/092848.914:ERROR:process_memory_win.cc(73)] ReadMemory at 0x7ffffcd00000 of 64 bytes failed: Only part of a ReadProcessMemory or WriteProcessMemory request was completed. (0x12B)
[0720/092848.914:WARNING:pe_image_reader.cc(340)] could not read dos header from C:\Windows\System32\bcryptPrimitives.dll
[0720/092848.914:ERROR:process_memory_win.cc(73)] ReadMemory at 0x7ffffd930000 of 64 bytes failed: Only part of a ReadProcessMemory or WriteProcessMemory request was completed. (0x12B)
[0720/092848.914:WARNING:pe_image_reader.cc(340)] could not read dos header from C:\Windows\System32\ADVAPI32.dll
[0720/092848.914:ERROR:process_memory_win.cc(73)] ReadMemory at 0x7fffff390000 of 64 bytes failed: Only part of a ReadProcessMemory or WriteProcessMemory request was completed. (0x12B)
[0720/092848.914:WARNING:pe_image_reader.cc(340)] could not read dos header from C:\Windows\System32\sechost.dll
[0720/092848.914:ERROR:process_memory_win.cc(73)] ReadMemory at 0x7ffffe8a0000 of 64 bytes failed: Only part of a ReadProcessMemory or WriteProcessMemory request was completed. (0x12B)
[0720/092848.915:WARNING:pe_image_reader.cc(340)] could not read dos header from C:\Windows\System32\RPCRT4.dll
[0720/092848.915:ERROR:process_memory_win.cc(73)] ReadMemory at 0x7fffad9a0000 of 64 bytes failed: Only part of a ReadProcessMemory or WriteProcessMemory request was completed. (0x12B)
[0720/092848.915:WARNING:pe_image_reader.cc(340)] could not read dos header from C:\Program Files (x86)\BraveSoftware\Brave-Browser\Application\84.1.11.97\chrome.dll
[0720/092848.915:ERROR:process_memory_win.cc(73)] ReadMemory at 0x21e62ae0000 of 64 bytes failed: Only part of a ReadProcessMemory or WriteProcessMemory request was completed. (0x12B)
[0720/092848.915:WARNING:pe_image_reader.cc(340)] could not read dos header from C:\Windows\System32\WS2_32.dll
[0720/092848.915:ERROR:process_memory_win.cc(73)] ReadMemory at 0x7ffffe750000 of 64 bytes failed: Only part of a ReadProcessMemory or WriteProcessMemory request was completed. (0x12B)
[0720/092848.915:WARNING:pe_image_reader.cc(340)] could not read dos header from C:\Windows\System32\OLEAUT32.dll
[0720/092848.915:ERROR:process_memory_win.cc(73)] ReadMemory at 0x7ffffc900000 of 64 bytes failed: Only part of a ReadProcessMemory or WriteProcessMemory request was completed. (0x12B)
[0720/092848.915:WARNING:pe_image_reader.cc(340)] could not read dos header from C:\Windows\System32\msvcp_win.dll
[0720/092848.915:ERROR:process_memory_win.cc(73)] ReadMemory at 0x7ffffc800000 of 64 bytes failed: Only part of a ReadProcessMemory or WriteProcessMemory request was completed. (0x12B)
[0720/092848.915:WARNING:pe_image_reader.cc(340)] could not read dos header from C:\Windows\System32\ucrtbase.dll
[0720/092848.915:ERROR:process_memory_win.cc(73)] ReadMemory at 0x7fffff430000 of 64 bytes failed: Only part of a ReadProcessMemory or WriteProcessMemory request was completed. (0x12B)
[0720/092848.915:WARNING:pe_image_reader.cc(340)] could not read dos header from C:\Windows\System32\combase.dll
[0720/092848.916:ERROR:process_memory_win.cc(73)] ReadMemory at 0x7ffffc9a0000 of 64 bytes failed: Only part of a ReadProcessMemory or WriteProcessMemory request was completed. (0x12B)
[0720/092848.916:WARNING:pe_image_reader.cc(340)] could not read dos header from C:\Windows\System32\WINTRUST.dll
[0720/092848.918:ERROR:process_memory_win.cc(73)] ReadMemory at 0x7ffffc7b0000 of 64 bytes failed: Only part of a ReadProcessMemory or WriteProcessMemory request was completed. (0x12B)
[0720/092848.918:WARNING:pe_image_reader.cc(340)] could not read dos header from C:\Windows\System32\MSASN1.dll
[0720/092848.918:ERROR:process_memory_win.cc(73)] ReadMemory at 0x7ffffd7e0000 of 64 bytes failed: Only part of a ReadProcessMemory or WriteProcessMemory request was completed. (0x12B)
[0720/092848.918:WARNING:pe_image_reader.cc(340)] could not read dos header from C:\Windows\System32\CRYPT32.dll
[0720/092848.918:ERROR:process_memory_win.cc(73)] ReadMemory at 0x7ffffbc50000 of 64 bytes failed: Only part of a ReadProcessMemory or WriteProcessMemory request was completed. (0x12B)
[0720/092848.918:WARNING:pe_image_reader.cc(340)] could not read dos header from C:\Windows\SYSTEM32\IPHLPAPI.DLL
[0720/092848.918:ERROR:process_memory_win.cc(73)] ReadMemory at 0x7ffff4f90000 of 64 bytes failed: Only part of a ReadProcessMemory or WriteProcessMemory request was completed. (0x12B)
[0720/092848.918:WARNING:pe_image_reader.cc(340)] could not read dos header from C:\Windows\SYSTEM32\WINMM.dll
[0720/092848.918:ERROR:process_memory_win.cc(73)] ReadMemory at 0x7ffff6370000 of 64 bytes failed: Only part of a ReadProcessMemory or WriteProcessMemory request was completed. (0x12B)
[0720/092848.919:WARNING:pe_image_reader.cc(340)] could not read dos header from C:\Windows\SYSTEM32\Secur32.dll
[0720/092848.919:ERROR:process_memory_win.cc(73)] ReadMemory at 0x7ffffc650000 of 64 bytes failed: Only part of a ReadProcessMemory or WriteProcessMemory request was completed. (0x12B)
[0720/092848.919:WARNING:pe_image_reader.cc(340)] could not read dos header from C:\Windows\SYSTEM32\USERENV.dll
[0720/092848.919:ERROR:process_memory_win.cc(73)] ReadMemory at 0x7ffffc7d0000 of 64 bytes failed: Only part of a ReadProcessMemory or WriteProcessMemory request was completed. (0x12B)
[0720/092848.919:WARNING:pe_image_reader.cc(340)] could not read dos header from C:\Windows\System32\profapi.dll
[0720/092848.919:ERROR:process_memory_win.cc(73)] ReadMemory at 0x7fffdd360000 of 64 bytes failed: Only part of a ReadProcessMemory or WriteProcessMemory request was completed. (0x12B)
[0720/092848.919:WARNING:pe_image_reader.cc(340)] could not read dos header from C:\Windows\SYSTEM32\UIAutomationCore.DLL
[0720/092848.919:ERROR:process_memory_win.cc(73)] ReadMemory at 0x7fffe7040000 of 64 bytes failed: Only part of a ReadProcessMemory or WriteProcessMemory request was completed. (0x12B)
[0720/092848.919:WARNING:pe_image_reader.cc(340)] could not read dos header from C:\Windows\SYSTEM32\DWrite.dll
[0720/092848.919:ERROR:process_memory_win.cc(73)] ReadMemory at 0x7ffff3790000 of 64 bytes failed: Only part of a ReadProcessMemory or WriteProcessMemory request was completed. (0x12B)
[0720/092848.919:WARNING:pe_image_reader.cc(340)] could not read dos header from C:\Windows\SYSTEM32\WINSPOOL.DRV
[0720/092848.919:ERROR:process_memory_win.cc(73)] ReadMemory at 0x7ffffc740000 of 64 bytes failed: Only part of a ReadProcessMemory or WriteProcessMemory request was completed. (0x12B)
[0720/092848.920:WARNING:pe_image_reader.cc(340)] could not read dos header from C:\Windows\System32\kernel.appcore.dll
[0720/092848.920:ERROR:process_memory_win.cc(73)] ReadMemory at 0x7ffffd560000 of 64 bytes failed: Only part of a ReadProcessMemory or WriteProcessMemory request was completed. (0x12B)
[0720/092848.920:WARNING:pe_image_reader.cc(340)] could not read dos header from C:\Windows\System32\bcrypt.dll
[0720/092848.920:ERROR:process_memory_win.cc(73)] ReadMemory at 0x7ffff4fc0000 of 64 bytes failed: Only part of a ReadProcessMemory or WriteProcessMemory request was completed. (0x12B)
[0720/092848.920:WARNING:pe_image_reader.cc(340)] could not read dos header from C:\Windows\SYSTEM32\dbghelp.dll
[0720/092848.920:ERROR:process_memory_win.cc(73)] ReadMemory at 0x7ffff8400000 of 64 bytes failed: Only part of a ReadProcessMemory or WriteProcessMemory request was completed. (0x12B)
[0720/092848.920:WARNING:pe_image_reader.cc(340)] could not read dos header from C:\Windows\SYSTEM32\WINHTTP.dll
[0720/092848.920:ERROR:process_memory_win.cc(73)] ReadMemory at 0x7ffff8880000 of 64 bytes failed: Only part of a ReadProcessMemory or WriteProcessMemory request was completed. (0x12B)
[0720/092848.920:WARNING:pe_image_reader.cc(340)] could not read dos header from C:\Windows\SYSTEM32\dhcpcsvc.DLL
[0720/092848.920:ERROR:process_memory_win.cc(73)] ReadMemory at 0x7ffffee60000 of 64 bytes failed: Only part of a ReadProcessMemory or WriteProcessMemory request was completed. (0x12B)
[0720/092848.920:WARNING:pe_image_reader.cc(340)] could not read dos header from C:\Windows\System32\NSI.dll
[0720/092848.920:ERROR:process_memory_win.cc(73)] ReadMemory at 0x7ffff4ea0000 of 64 bytes failed: Only part of a ReadProcessMemory or WriteProcessMemory request was completed. (0x12B)
[0720/092848.921:WARNING:pe_image_reader.cc(340)] could not read dos header from C:\Windows\SYSTEM32\WINMMBASE.dll
[0720/092848.921:ERROR:process_memory_win.cc(73)] ReadMemory at 0x7ffffd510000 of 64 bytes failed: Only part of a ReadProcessMemory or WriteProcessMemory request was completed. (0x12B)
[0720/092848.921:WARNING:pe_image_reader.cc(340)] could not read dos header from C:\Windows\System32\cfgmgr32.dll
[0720/092848.921:ERROR:process_memory_win.cc(73)] ReadMemory at 0x7ffff8ab0000 of 64 bytes failed: Only part of a ReadProcessMemory or WriteProcessMemory request was completed. (0x12B)
[0720/092848.921:WARNING:pe_image_reader.cc(340)] could not read dos header from C:\Windows\SYSTEM32\PROPSYS.dll
[0720/092848.921:ERROR:process_memory_win.cc(73)] ReadMemory at 0x7fffff1e0000 of 64 bytes failed: Only part of a ReadProcessMemory or WriteProcessMemory request was completed. (0x12B)
[0720/092848.921:WARNING:pe_image_reader.cc(340)] could not read dos header from C:\Windows\System32\shcore.dll
[0720/092848.921:ERROR:process_memory_win.cc(73)] ReadMemory at 0x7ffffc620000 of 64 bytes failed: Only part of a ReadProcessMemory or WriteProcessMemory request was completed. (0x12B)
[0720/092848.921:WARNING:pe_image_reader.cc(340)] could not read dos header from C:\Windows\SYSTEM32\SSPICLI.DLL
[0720/092848.921:ERROR:process_memory_win.cc(73)] ReadMemory at 0x7ffffc110000 of 64 bytes failed: Only part of a ReadProcessMemory or WriteProcessMemory request was completed. (0x12B)
[0720/092848.921:WARNING:pe_image_reader.cc(340)] could not read dos header from C:\Windows\SYSTEM32\CRYPTBASE.DLL
[0720/092848.921:ERROR:process_memory_win.cc(73)] ReadMemory at 0x7ff74d1f0000 of 64 bytes failed: Only part of a ReadProcessMemory or WriteProcessMemory request was completed. (0x12B)
[0720/092848.922:WARNING:pe_image_reader.cc(340)] could not read dos header from C:\Program Files (x86)\BraveSoftware\Brave-Browser\Application\brave.exe
[0720/092848.922:ERROR:process_memory_win.cc(73)] ReadMemory at 0x7fffff880000 of 64 bytes failed: Only part of a ReadProcessMemory or WriteProcessMemory request was completed. (0x12B)
[0720/092848.922:WARNING:pe_image_reader.cc(340)] could not read dos header from C:\Windows\SYSTEM32\ntdll.dll
[0720/092848.922:ERROR:process_memory_win.cc(73)] ReadMemory at 0x7ffffe9c0000 of 64 bytes failed: Only part of a ReadProcessMemory or WriteProcessMemory request was completed. (0x12B)
[0720/092848.922:WARNING:pe_image_reader.cc(340)] could not read dos header from C:\Windows\System32\KERNEL32.DLL
[0720/092848.922:ERROR:process_memory_win.cc(73)] ReadMemory at 0x7ffffca00000 of 64 bytes failed: Only part of a ReadProcessMemory or WriteProcessMemory request was completed. (0x12B)
[0720/092848.922:WARNING:pe_image_reader.cc(340)] could not read dos header from C:\Windows\System32\KERNELBASE.dll
[0720/092848.922:ERROR:process_memory_win.cc(73)] ReadMemory at 0x7fffeffd0000 of 64 bytes failed: Only part of a ReadProcessMemory or WriteProcessMemory request was completed. (0x12B)
[0720/092848.922:WARNING:pe_image_reader.cc(340)] could not read dos header from C:\Program Files (x86)\BraveSoftware\Brave-Browser\Application\84.1.11.97\chrome_elf.dll
[0720/092848.922:ERROR:process_memory_win.cc(73)] ReadMemory at 0x7ffff8640000 of 64 bytes failed: Only part of a ReadProcessMemory or WriteProcessMemory request was completed. (0x12B)
[0720/092848.922:WARNING:pe_image_reader.cc(340)] could not read dos header from C:\Windows\SYSTEM32\VERSION.dll
[0720/092848.922:ERROR:process_memory_win.cc(73)] ReadMemory at 0x7ffffebf0000 of 64 bytes failed: Only part of a ReadProcessMemory or WriteProcessMemory request was completed. (0x12B)
[0720/092848.923:WARNING:pe_image_reader.cc(340)] could not read dos header from C:\Windows\System32\msvcrt.dll
[0720/092848.923:ERROR:process_memory_win.cc(73)] ReadMemory at 0x7ffffcd00000 of 64 bytes failed: Only part of a ReadProcessMemory or WriteProcessMemory request was completed. (0x12B)
[0720/092848.923:WARNING:pe_image_reader.cc(340)] could not read dos header from C:\Windows\System32\bcryptPrimitives.dll
[0720/092848.923:ERROR:process_memory_win.cc(73)] ReadMemory at 0x7ffffd930000 of 64 bytes failed: Only part of a ReadProcessMemory or WriteProcessMemory request was completed. (0x12B)
[0720/092848.923:WARNING:pe_image_reader.cc(340)] could not read dos header from C:\Windows\System32\ADVAPI32.dll
[0720/092848.923:ERROR:process_memory_win.cc(73)] ReadMemory at 0x7fffff390000 of 64 bytes failed: Only part of a ReadProcessMemory or WriteProcessMemory request was completed. (0x12B)
[0720/092848.924:WARNING:pe_image_reader.cc(340)] could not read dos header from C:\Windows\System32\sechost.dll
[0720/092848.924:ERROR:process_memory_win.cc(73)] ReadMemory at 0x7ffffe8a0000 of 64 bytes failed: Only part of a ReadProcessMemory or WriteProcessMemory request was completed. (0x12B)
[0720/092848.924:WARNING:pe_image_reader.cc(340)] could not read dos header from C:\Windows\System32\RPCRT4.dll
[0720/092848.924:ERROR:process_memory_win.cc(73)] ReadMemory at 0x7fffad9a0000 of 64 bytes failed: Only part of a ReadProcessMemory or WriteProcessMemory request was completed. (0x12B)
[0720/092848.924:WARNING:pe_image_reader.cc(340)] could not read dos header from C:\Program Files (x86)\BraveSoftware\Brave-Browser\Application\84.1.11.97\chrome.dll
[0720/092848.924:ERROR:process_memory_win.cc(73)] ReadMemory at 0x21e62ae0000 of 64 bytes failed: Only part of a ReadProcessMemory or WriteProcessMemory request was completed. (0x12B)
[0720/092848.925:WARNING:pe_image_reader.cc(340)] could not read dos header from C:\Windows\System32\WS2_32.dll
[0720/092848.925:ERROR:process_memory_win.cc(73)] ReadMemory at 0x7ffffe750000 of 64 bytes failed: Only part of a ReadProcessMemory or WriteProcessMemory request was completed. (0x12B)
[0720/092848.925:WARNING:pe_image_reader.cc(340)] could not read dos header from C:\Windows\System32\OLEAUT32.dll
[0720/092848.925:ERROR:process_memory_win.cc(73)] ReadMemory at 0x7ffffc900000 of 64 bytes failed: Only part of a ReadProcessMemory or WriteProcessMemory request was completed. (0x12B)
[0720/092848.925:WARNING:pe_image_reader.cc(340)] could not read dos header from C:\Windows\System32\msvcp_win.dll
[0720/092848.925:ERROR:process_memory_win.cc(73)] ReadMemory at 0x7ffffc800000 of 64 bytes failed: Only part of a ReadProcessMemory or WriteProcessMemory request was completed. (0x12B)
[0720/092848.925:WARNING:pe_image_reader.cc(340)] could not read dos header from C:\Windows\System32\ucrtbase.dll
[0720/092848.925:ERROR:process_memory_win.cc(73)] ReadMemory at 0x7fffff430000 of 64 bytes failed: Only part of a ReadProcessMemory or WriteProcessMemory request was completed. (0x12B)
[0720/092848.926:WARNING:pe_image_reader.cc(340)] could not read dos header from C:\Windows\System32\combase.dll
[0720/092848.926:ERROR:process_memory_win.cc(73)] ReadMemory at 0x7ffffc9a0000 of 64 bytes failed: Only part of a ReadProcessMemory or WriteProcessMemory request was completed. (0x12B)
[0720/092848.926:WARNING:pe_image_reader.cc(340)] could not read dos header from C:\Windows\System32\WINTRUST.dll
[0720/092848.926:ERROR:process_memory_win.cc(73)] ReadMemory at 0x7ffffc7b0000 of 64 bytes failed: Only part of a ReadProcessMemory or WriteProcessMemory request was completed. (0x12B)
[0720/092848.926:WARNING:pe_image_reader.cc(340)] could not read dos header from C:\Windows\System32\MSASN1.dll
[0720/092848.926:ERROR:process_memory_win.cc(73)] ReadMemory at 0x7ffffd7e0000 of 64 bytes failed: Only part of a ReadProcessMemory or WriteProcessMemory request was completed. (0x12B)
[0720/092848.926:WARNING:pe_image_reader.cc(340)] could not read dos header from C:\Windows\System32\CRYPT32.dll
[0720/092848.926:ERROR:process_memory_win.cc(73)] ReadMemory at 0x7ffffbc50000 of 64 bytes failed: Only part of a ReadProcessMemory or WriteProcessMemory request was completed. (0x12B)
[0720/092848.926:WARNING:pe_image_reader.cc(340)] could not read dos header from C:\Windows\SYSTEM32\IPHLPAPI.DLL
[0720/092848.926:ERROR:process_memory_win.cc(73)] ReadMemory at 0x7ffff4f90000 of 64 bytes failed: Only part of a ReadProcessMemory or WriteProcessMemory request was completed. (0x12B)
[0720/092848.926:WARNING:pe_image_reader.cc(340)] could not read dos header from C:\Windows\SYSTEM32\WINMM.dll
[0720/092848.926:ERROR:process_memory_win.cc(73)] ReadMemory at 0x7ffff6370000 of 64 bytes failed: Only part of a ReadProcessMemory or WriteProcessMemory request was completed. (0x12B)
[0720/092848.927:WARNING:pe_image_reader.cc(340)] could not read dos header from C:\Windows\SYSTEM32\Secur32.dll
[0720/092848.927:ERROR:process_memory_win.cc(73)] ReadMemory at 0x7ffffc650000 of 64 bytes failed: Only part of a ReadProcessMemory or WriteProcessMemory request was completed. (0x12B)
[0720/092848.927:WARNING:pe_image_reader.cc(340)] could not read dos header from C:\Windows\SYSTEM32\USERENV.dll
[0720/092848.927:ERROR:process_memory_win.cc(73)] ReadMemory at 0x7ffffc7d0000 of 64 bytes failed: Only part of a ReadProcessMemory or WriteProcessMemory request was completed. (0x12B)
[0720/092848.927:WARNING:pe_image_reader.cc(340)] could not read dos header from C:\Windows\System32\profapi.dll
[0720/092848.927:ERROR:process_memory_win.cc(73)] ReadMemory at 0x7fffdd360000 of 64 bytes failed: Only part of a ReadProcessMemory or WriteProcessMemory request was completed. (0x12B)
[0720/092848.927:WARNING:pe_image_reader.cc(340)] could not read dos header from C:\Windows\SYSTEM32\UIAutomationCore.DLL
[0720/092848.927:ERROR:process_memory_win.cc(73)] ReadMemory at 0x7fffe7040000 of 64 bytes failed: Only part of a ReadProcessMemory or WriteProcessMemory request was completed. (0x12B)
[0720/092848.927:WARNING:pe_image_reader.cc(340)] could not read dos header from C:\Windows\SYSTEM32\DWrite.dll
[0720/092848.927:ERROR:process_memory_win.cc(73)] ReadMemory at 0x7ffff3790000 of 64 bytes failed: Only part of a ReadProcessMemory or WriteProcessMemory request was completed. (0x12B)
[0720/092848.927:WARNING:pe_image_reader.cc(340)] could not read dos header from C:\Windows\SYSTEM32\WINSPOOL.DRV
[0720/092848.927:ERROR:process_memory_win.cc(73)] ReadMemory at 0x7ffffc740000 of 64 bytes failed: Only part of a ReadProcessMemory or WriteProcessMemory request was completed. (0x12B)
[0720/092848.928:WARNING:pe_image_reader.cc(340)] could not read dos header from C:\Windows\System32\kernel.appcore.dll
[0720/092848.928:ERROR:process_memory_win.cc(73)] ReadMemory at 0x7ffffd560000 of 64 bytes failed: Only part of a ReadProcessMemory or WriteProcessMemory request was completed. (0x12B)
[0720/092848.928:WARNING:pe_image_reader.cc(340)] could not read dos header from C:\Windows\System32\bcrypt.dll
[0720/092848.928:ERROR:process_memory_win.cc(73)] ReadMemory at 0x7ffff4fc0000 of 64 bytes failed: Only part of a ReadProcessMemory or WriteProcessMemory request was completed. (0x12B)
[0720/092848.928:WARNING:pe_image_reader.cc(340)] could not read dos header from C:\Windows\SYSTEM32\dbghelp.dll
[0720/092848.928:ERROR:process_memory_win.cc(73)] ReadMemory at 0x7ffff8400000 of 64 bytes failed: Only part of a ReadProcessMemory or WriteProcessMemory request was completed. (0x12B)
[0720/092848.928:WARNING:pe_image_reader.cc(340)] could not read dos header from C:\Windows\SYSTEM32\WINHTTP.dll
[0720/092848.929:ERROR:process_memory_win.cc(73)] ReadMemory at 0x7ffff8880000 of 64 bytes failed: Only part of a ReadProcessMemory or WriteProcessMemory request was completed. (0x12B)
[0720/092848.929:WARNING:pe_image_reader.cc(340)] could not read dos header from C:\Windows\SYSTEM32\dhcpcsvc.DLL
[0720/092848.929:ERROR:process_memory_win.cc(73)] ReadMemory at 0x7ffffee60000 of 64 bytes failed: Only part of a ReadProcessMemory or WriteProcessMemory request was completed. (0x12B)
[0720/092848.929:WARNING:pe_image_reader.cc(340)] could not read dos header from C:\Windows\System32\NSI.dll
[0720/092848.929:ERROR:process_memory_win.cc(73)] ReadMemory at 0x7ffff4ea0000 of 64 bytes failed: Only part of a ReadProcessMemory or WriteProcessMemory request was completed. (0x12B)
[0720/092848.929:WARNING:pe_image_reader.cc(340)] could not read dos header from C:\Windows\SYSTEM32\WINMMBASE.dll
[0720/092848.930:ERROR:process_memory_win.cc(73)] ReadMemory at 0x7ffffd510000 of 64 bytes failed: Only part of a ReadProcessMemory or WriteProcessMemory request was completed. (0x12B)
[0720/092848.930:WARNING:pe_image_reader.cc(340)] could not read dos header from C:\Windows\System32\cfgmgr32.dll
[0720/092848.930:ERROR:process_memory_win.cc(73)] ReadMemory at 0x7ffff8ab0000 of 64 bytes failed: Only part of a ReadProcessMemory or WriteProcessMemory request was completed. (0x12B)
[0720/092848.930:WARNING:pe_image_reader.cc(340)] could not read dos header from C:\Windows\SYSTEM32\PROPSYS.dll
[0720/092848.930:ERROR:process_memory_win.cc(73)] ReadMemory at 0x7fffff1e0000 of 64 bytes failed: Only part of a ReadProcessMemory or WriteProcessMemory request was completed. (0x12B)
[0720/092848.930:WARNING:pe_image_reader.cc(340)] could not read dos header from C:\Windows\System32\shcore.dll
[0720/092848.930:ERROR:process_memory_win.cc(73)] ReadMemory at 0x7ffffc620000 of 64 bytes failed: Only part of a ReadProcessMemory or WriteProcessMemory request was completed. (0x12B)
[0720/092848.930:WARNING:pe_image_reader.cc(340)] could not read dos header from C:\Windows\SYSTEM32\SSPICLI.DLL
[0720/092848.931:ERROR:process_memory_win.cc(73)] ReadMemory at 0x7ffffc110000 of 64 bytes failed: Only part of a ReadProcessMemory or WriteProcessMemory request was completed. (0x12B)
[0720/092848.931:WARNING:pe_image_reader.cc(340)] could not read dos header from C:\Windows\SYSTEM32\CRYPTBASE.DLL
[0720/092849.494:ERROR:process_memory_win.cc(73)] ReadMemory at 0xc7c95eb000 of 86016 bytes failed: Only part of a ReadProcessMemory or WriteProcessMemory request was completed. (0x12B)
[0720/092849.495:ERROR:process_memory_win.cc(73)] ReadMemory at 0xc7c9dfd000 of 12288 bytes failed: Only part of a ReadProcessMemory or WriteProcessMemory request was completed. (0x12B)
[0720/092849.495:ERROR:process_memory_win.cc(73)] ReadMemory at 0xc7ca5f6000 of 40960 bytes failed: Only part of a ReadProcessMemory or WriteProcessMemory request was completed. (0x12B)
[0720/092849.495:ERROR:process_memory_win.cc(73)] ReadMemory at 0xc7cadfc000 of 16384 bytes failed: Only part of a ReadProcessMemory or WriteProcessMemory request was completed. (0x12B)
[0720/092849.495:ERROR:process_memory_win.cc(73)] ReadMemory at 0xc7cb5fc000 of 16384 bytes failed: Only part of a ReadProcessMemory or WriteProcessMemory request was completed. (0x12B)
[0720/092849.495:ERROR:process_memory_win.cc(73)] ReadMemory at 0xc7cbdff000 of 4096 bytes failed: Only part of a ReadProcessMemory or WriteProcessMemory request was completed. (0x12B)
[0720/092849.495:ERROR:process_memory_win.cc(73)] ReadMemory at 0xc7cc5fd000 of 12288 bytes failed: Only part of a ReadProcessMemory or WriteProcessMemory request was completed. (0x12B)
[0720/092849.495:ERROR:process_memory_win.cc(73)] ReadMemory at 0xc7ccdfb000 of 20480 bytes failed: Only part of a ReadProcessMemory or WriteProcessMemory request was completed. (0x12B)
[0720/092849.495:ERROR:process_memory_win.cc(73)] ReadMemory at 0xc7cddfd000 of 12288 bytes failed: Only part of a ReadProcessMemory or WriteProcessMemory request was completed. (0x12B)
[0720/092849.495:ERROR:process_memory_win.cc(73)] ReadMemory at 0xc7ce5fd000 of 12288 bytes failed: Only part of a ReadProcessMemory or WriteProcessMemory request was completed. (0x12B)
[0720/092849.495:ERROR:process_memory_win.cc(73)] ReadMemory at 0xc7cedfd000 of 12288 bytes failed: Only part of a ReadProcessMemory or WriteProcessMemory request was completed. (0x12B)
[0720/092849.495:ERROR:process_memory_win.cc(73)] ReadMemory at 0xc7cf5fd000 of 12288 bytes failed: Only part of a ReadProcessMemory or WriteProcessMemory request was completed. (0x12B)
[0720/092849.495:ERROR:process_memory_win.cc(73)] ReadMemory at 0xc7cd5f7000 of 36864 bytes failed: Only part of a ReadProcessMemory or WriteProcessMemory request was completed. (0x12B)
[0720/092849.495:ERROR:process_memory_win.cc(73)] ReadMemory at 0xc7cfdfc000 of 16384 bytes failed: Only part of a ReadProcessMemory or WriteProcessMemory request was completed. (0x12B)
[0720/092849.496:ERROR:process_memory_win.cc(73)] ReadMemory at 0xc7c8d77000 of 852 bytes failed: Only part of a ReadProcessMemory or WriteProcessMemory request was completed. (0x12B)
[0720/092849.496:ERROR:process_memory_win.cc(73)] ReadMemory at 0xc7c8d78000 of 6024 bytes failed: Only part of a ReadProcessMemory or WriteProcessMemory request was completed. (0x12B)
[0720/092849.496:ERROR:process_memory_win.cc(73)] ReadMemory at 0xc7c8d7a000 of 6024 bytes failed: Only part of a ReadProcessMemory or WriteProcessMemory request was completed. (0x12B)
[0720/092849.496:ERROR:process_memory_win.cc(73)] ReadMemory at 0xc7c8d7c000 of 6024 bytes failed: Only part of a ReadProcessMemory or WriteProcessMemory request was completed. (0x12B)
[0720/092849.496:ERROR:process_memory_win.cc(73)] ReadMemory at 0xc7c8d7e000 of 6024 bytes failed: Only part of a ReadProcessMemory or WriteProcessMemory request was completed. (0x12B)
[0720/092849.496:ERROR:process_memory_win.cc(73)] ReadMemory at 0xc7c8d80000 of 6024 bytes failed: Only part of a ReadProcessMemory or WriteProcessMemory request was completed. (0x12B)
[0720/092849.496:ERROR:process_memory_win.cc(73)] ReadMemory at 0xc7c8d82000 of 6024 bytes failed: Only part of a ReadProcessMemory or WriteProcessMemory request was completed. (0x12B)
[0720/092849.496:ERROR:process_memory_win.cc(73)] ReadMemory at 0xc7c8d84000 of 6024 bytes failed: Only part of a ReadProcessMemory or WriteProcessMemory request was completed. (0x12B)
[0720/092849.496:ERROR:process_memory_win.cc(73)] ReadMemory at 0xc7c8d86000 of 6024 bytes failed: Only part of a ReadProcessMemory or WriteProcessMemory request was completed. (0x12B)
[0720/092849.496:ERROR:process_memory_win.cc(73)] ReadMemory at 0xc7c8d8a000 of 6024 bytes failed: Only part of a ReadProcessMemory or WriteProcessMemory request was completed. (0x12B)
[0720/092849.496:ERROR:process_memory_win.cc(73)] ReadMemory at 0xc7c8d8c000 of 6024 bytes failed: Only part of a ReadProcessMemory or WriteProcessMemory request was completed. (0x12B)
[0720/092849.496:ERROR:process_memory_win.cc(73)] ReadMemory at 0xc7c8d8e000 of 6024 bytes failed: Only part of a ReadProcessMemory or WriteProcessMemory request was completed. (0x12B)
[0720/092849.496:ERROR:process_memory_win.cc(73)] ReadMemory at 0xc7c8d90000 of 6024 bytes failed: Only part of a ReadProcessMemory or WriteProcessMemory request was completed. (0x12B)
[0720/092849.496:ERROR:process_memory_win.cc(73)] ReadMemory at 0xc7c8d92000 of 6024 bytes failed: Only part of a ReadProcessMemory or WriteProcessMemory request was completed. (0x12B)
[0720/092849.497:ERROR:process_memory_win.cc(73)] ReadMemory at 0xc7c8d94000 of 6024 bytes failed: Only part of a ReadProcessMemory or WriteProcessMemory request was completed. (0x12B)
[0720/092849.497:ERROR:process_memory_win.cc(73)] ReadMemory at 0x21e628a5d50 of 1012 bytes failed: Only part of a ReadProcessMemory or WriteProcessMemory request was completed. (0x12B)
[0720/092849.514:ERROR:process_memory_win.cc(73)] ReadMemory at 0x21e628a6398 of 144 bytes failed: Only part of a ReadProcessMemory or WriteProcessMemory request was completed. (0x12B)
[0720/092849.514:ERROR:process_memory_win.cc(73)] ReadMemory at 0x21e628a642a of 1652 bytes failed: Only part of a ReadProcessMemory or WriteProcessMemory request was completed. (0x12B)
[0720/092849.529:ERROR:process_memory_win.cc(73)] ReadMemory at 0x21e628a6aa0 of 144 bytes failed: Only part of a ReadProcessMemory or WriteProcessMemory request was completed. (0x12B)
[0720/092849.529:ERROR:process_memory_win.cc(73)] ReadMemory at 0x21e628a6b32 of 98 bytes failed: Only part of a ReadProcessMemory or WriteProcessMemory request was completed. (0x12B)
[0720/092849.529:ERROR:process_memory_win.cc(73)] ReadMemory at 0x21e628a6ba0 of 58 bytes failed: Only part of a ReadProcessMemory or WriteProcessMemory request was completed. (0x12B)
[0720/092849.529:ERROR:process_memory_win.cc(73)] ReadMemory at 0x21e628a6ca0 of 132 bytes failed: Only part of a ReadProcessMemory or WriteProcessMemory request was completed. (0x12B)
[0720/092849.529:ERROR:process_memory_win.cc(73)] ReadMemory at 0x21e628a6e30 of 132 bytes failed: Only part of a ReadProcessMemory or WriteProcessMemory request was completed. (0x12B)
[0720/092849.529:ERROR:process_memory_win.cc(73)] ReadMemory at 0x21e628a7000 of 148 bytes failed: Only part of a ReadProcessMemory or WriteProcessMemory request was completed. (0x12B)
[0720/092849.529:ERROR:process_memory_win.cc(73)] ReadMemory at 0x21e628a73e0 of 132 bytes failed: Only part of a ReadProcessMemory or WriteProcessMemory request was completed. (0x12B)
[0720/092849.531:ERROR:process_memory_win.cc(73)] ReadMemory at 0x21e628a7570 of 64 bytes failed: Only part of a ReadProcessMemory or WriteProcessMemory request was completed. (0x12B)
[0720/092849.564:ERROR:process_memory_win.cc(73)] ReadMemory at 0x21e628a76a0 of 132 bytes failed: Only part of a ReadProcessMemory or WriteProcessMemory request was completed. (0x12B)
[0720/092849.565:ERROR:process_memory_win.cc(73)] ReadMemory at 0x21e628a79d0 of 132 bytes failed: Only part of a ReadProcessMemory or WriteProcessMemory request was completed. (0x12B)
[0720/092849.628:ERROR:process_memory_win.cc(73)] ReadMemory at 0x21e628a7b60 of 68 bytes failed: Only part of a ReadProcessMemory or WriteProcessMemory request was completed. (0x12B)
[0720/092849.628:ERROR:process_memory_win.cc(73)] ReadMemory at 0x21e628a8e90 of 132 bytes failed: Only part of a ReadProcessMemory or WriteProcessMemory request was completed. (0x12B)
[0720/092849.628:ERROR:process_memory_win.cc(73)] ReadMemory at 0x21e628a8fd0 of 176 bytes failed: Only part of a ReadProcessMemory or WriteProcessMemory request was completed. (0x12B)
[0720/092849.629:ERROR:process_memory_win.cc(73)] ReadMemory at 0x21e628a9dc0 of 62 bytes failed: Only part of a ReadProcessMemory or WriteProcessMemory request was completed. (0x12B)
[0720/092849.629:ERROR:process_memory_win.cc(73)] ReadMemory at 0x21e628a9f20 of 132 bytes failed: Only part of a ReadProcessMemory or WriteProcessMemory request was completed. (0x12B)
[0720/092849.629:ERROR:process_memory_win.cc(73)] ReadMemory at 0x21e628aa0b0 of 60 bytes failed: Only part of a ReadProcessMemory or WriteProcessMemory request was completed. (0x12B)
[0720/092849.629:ERROR:process_memory_win.cc(73)] ReadMemory at 0x21e628b95c0 of 60 bytes failed: Only part of a ReadProcessMemory or WriteProcessMemory request was completed. (0x12B)
[0720/092849.803:ERROR:process_memory_win.cc(73)] ReadMemory at 0x21e628b9610 of 64 bytes failed: Only part of a ReadProcessMemory or WriteProcessMemory request was completed. (0x12B)
[0720/092849.804:ERROR:process_memory_win.cc(73)] ReadMemory at 0x21e628b96b0 of 62 bytes failed: Only part of a ReadProcessMemory or WriteProcessMemory request was completed. (0x12B)
[0720/092849.816:ERROR:process_memory_win.cc(73)] ReadMemory at 0x21e628b9700 of 60 bytes failed: Only part of a ReadProcessMemory or WriteProcessMemory request was completed. (0x12B)
[0720/092849.817:ERROR:process_memory_win.cc(73)] ReadMemory at 0x21e628b9b10 of 66 bytes failed: Only part of a ReadProcessMemory or WriteProcessMemory request was completed. (0x12B)
[0720/092849.818:ERROR:process_memory_win.cc(73)] ReadMemory at 0x21e628b9c00 of 64 bytes failed: Only part of a ReadProcessMemory or WriteProcessMemory request was completed. (0x12B)
[0720/092849.819:ERROR:process_memory_win.cc(73)] ReadMemory at 0x21e628b9ed0 of 60 bytes failed: Only part of a ReadProcessMemory or WriteProcessMemory request was completed. (0x12B)
[0720/092849.820:ERROR:process_memory_win.cc(73)] ReadMemory at 0x21e628ba100 of 62 bytes failed: Only part of a ReadProcessMemory or WriteProcessMemory request was completed. (0x12B)
[0720/092849.820:ERROR:process_memory_win.cc(73)] ReadMemory at 0x21e628ba240 of 64 bytes failed: Only part of a ReadProcessMemory or WriteProcessMemory request was completed. (0x12B)
[0720/092849.821:ERROR:process_memory_win.cc(73)] ReadMemory at 0x21e628ba470 of 64 bytes failed: Only part of a ReadProcessMemory or WriteProcessMemory request was completed. (0x12B)
[0720/092849.821:ERROR:process_memory_win.cc(73)] ReadMemory at 0x21e628bb4d0 of 54 bytes failed: Only part of a ReadProcessMemory or WriteProcessMemory request was completed. (0x12B)
[0720/092849.822:ERROR:process_memory_win.cc(73)] ReadMemory at 0x21e628bbf10 of 80 bytes failed: Only part of a ReadProcessMemory or WriteProcessMemory request was completed. (0x12B)
[0720/092849.822:ERROR:process_memory_win.cc(73)] ReadMemory at 0x21e628bbfd0 of 76 bytes failed: Only part of a ReadProcessMemory or WriteProcessMemory request was completed. (0x12B)
[0720/092849.822:ERROR:process_memory_win.cc(73)] ReadMemory at 0x21e628bcc90 of 80 bytes failed: Only part of a ReadProcessMemory or WriteProcessMemory request was completed. (0x12B)
[0720/092849.835:ERROR:process_memory_win.cc(73)] ReadMemory at 0x21e628bf250 of 132 bytes failed: Only part of a ReadProcessMemory or WriteProcessMemory request was completed. (0x12B)
[0720/092849.835:ERROR:process_memory_win.cc(73)] ReadMemory at 0x21e628bf380 of 132 bytes failed: Only part of a ReadProcessMemory or WriteProcessMemory request was completed. (0x12B)
[0720/092849.846:ERROR:process_memory_win.cc(73)] ReadMemory at 0x21e628bf6a0 of 132 bytes failed: Only part of a ReadProcessMemory or WriteProcessMemory request was completed. (0x12B)
[0720/092849.871:ERROR:process_memory_win.cc(73)] ReadMemory at 0x21e628bf8c0 of 132 bytes failed: Only part of a ReadProcessMemory or WriteProcessMemory request was completed. (0x12B)
[0720/092849.871:ERROR:process_memory_win.cc(73)] ReadMemory at 0x21e628bfaf0 of 132 bytes failed: Only part of a ReadProcessMemory or WriteProcessMemory request was completed. (0x12B)
[0720/092849.872:ERROR:process_memory_win.cc(73)] ReadMemory at 0x21e628c2ee0 of 168 bytes failed: Only part of a ReadProcessMemory or WriteProcessMemory request was completed. (0x12B)
[0720/092849.872:ERROR:process_memory_win.cc(73)] ReadMemory at 0x21e628c78c0 of 132 bytes failed: Only part of a ReadProcessMemory or WriteProcessMemory request was completed. (0x12B)
[0720/092849.872:ERROR:process_memory_win.cc(73)] ReadMemory at 0x21e628c7ad0 of 132 bytes failed: Only part of a ReadProcessMemory or WriteProcessMemory request was completed. (0x12B)
[0720/092849.873:ERROR:process_memory_win.cc(73)] ReadMemory at 0x21e628c99a0 of 132 bytes failed: Only part of a ReadProcessMemory or WriteProcessMemory request was completed. (0x12B)
[0720/092849.890:ERROR:process_memory_win.cc(73)] ReadMemory at 0x21e628c9d20 of 132 bytes failed: Only part of a ReadProcessMemory or WriteProcessMemory request was completed. (0x12B)
[0720/092849.890:ERROR:process_memory_win.cc(73)] ReadMemory at 0x21e628c9e50 of 132 bytes failed: Only part of a ReadProcessMemory or WriteProcessMemory request was completed. (0x12B)
[0720/092849.911:ERROR:process_memory_win.cc(73)] ReadMemory at 0x21e628ca0b0 of 132 bytes failed: Only part of a ReadProcessMemory or WriteProcessMemory request was completed. (0x12B)
[0720/092849.911:ERROR:process_memory_win.cc(73)] ReadMemory at 0x21e628ca1e0 of 132 bytes failed: Only part of a ReadProcessMemory or WriteProcessMemory request was completed. (0x12B)
[0720/092849.912:ERROR:process_memory_win.cc(73)] ReadMemory at 0x21e628ca310 of 132 bytes failed: Only part of a ReadProcessMemory or WriteProcessMemory request was completed. (0x12B)
[0720/092849.912:ERROR:process_memory_win.cc(73)] ReadMemory at 0x21e628ca440 of 132 bytes failed: Only part of a ReadProcessMemory or WriteProcessMemory request was completed. (0x12B)
[0720/092849.912:ERROR:process_memory_win.cc(73)] ReadMemory at 0x21e628ca570 of 132 bytes failed: Only part of a ReadProcessMemory or WriteProcessMemory request was completed. (0x12B)
[0720/092849.912:ERROR:process_memory_win.cc(73)] ReadMemory at 0x21e628ca6a0 of 132 bytes failed: Only part of a ReadProcessMemory or WriteProcessMemory request was completed. (0x12B)
[0720/092849.912:ERROR:process_memory_win.cc(73)] ReadMemory at 0x21e628ca7d0 of 132 bytes failed: Only part of a ReadProcessMemory or WriteProcessMemory request was completed. (0x12B)
[0720/092849.912:ERROR:process_memory_win.cc(73)] ReadMemory at 0x21e628ca900 of 132 bytes failed: Only part of a ReadProcessMemory or WriteProcessMemory request was completed. (0x12B)
[0720/092849.933:ERROR:process_memory_win.cc(73)] ReadMemory at 0x21e628caa30 of 132 bytes failed: Only part of a ReadProcessMemory or WriteProcessMemory request was completed. (0x12B)
[0720/092849.934:ERROR:process_memory_win.cc(73)] ReadMemory at 0x21e628cab60 of 132 bytes failed: Only part of a ReadProcessMemory or WriteProcessMemory request was completed. (0x12B)
[0720/092849.934:ERROR:process_memory_win.cc(73)] ReadMemory at 0x21e628cb0c0 of 132 bytes failed: Only part of a ReadProcessMemory or WriteProcessMemory request was completed. (0x12B)
[0720/092849.934:ERROR:process_memory_win.cc(73)] ReadMemory at 0x21e628cf080 of 132 bytes failed: Only part of a ReadProcessMemory or WriteProcessMemory request was completed. (0x12B)
[0720/092849.940:ERROR:process_memory_win.cc(73)] ReadMemory at 0x21e628d2820 of 58 bytes failed: Only part of a ReadProcessMemory or WriteProcessMemory request was completed. (0x12B)
[0720/092849.941:ERROR:process_memory_win.cc(73)] ReadMemory at 0x21e628d2870 of 62 bytes failed: Only part of a ReadProcessMemory or WriteProcessMemory request was completed. (0x12B)
[0720/092849.941:ERROR:process_memory_win.cc(73)] ReadMemory at 0x21e628d2910 of 64 bytes failed: Only part of a ReadProcessMemory or WriteProcessMemory request was completed. (0x12B)
[0720/092849.941:ERROR:process_memory_win.cc(73)] ReadMemory at 0x21e628d2a50 of 64 bytes failed: Only part of a ReadProcessMemory or WriteProcessMemory request was completed. (0x12B)
[0720/092849.941:ERROR:process_memory_win.cc(73)] ReadMemory at 0x21e628d2af0 of 62 bytes failed: Only part of a ReadProcessMemory or WriteProcessMemory request was completed. (0x12B)
[0720/092849.941:ERROR:process_memory_win.cc(73)] ReadMemory at 0x21e628d2c80 of 62 bytes failed: Only part of a ReadProcessMemory or WriteProcessMemory request was completed. (0x12B)
[0720/092849.941:ERROR:process_memory_win.cc(73)] ReadMemory at 0x21e628d2d20 of 60 bytes failed: Only part of a ReadProcessMemory or WriteProcessMemory request was completed. (0x12B)
[0720/092849.941:ERROR:process_memory_win.cc(73)] ReadMemory at 0x21e628d2dc0 of 64 bytes failed: Only part of a ReadProcessMemory or WriteProcessMemory request was completed. (0x12B)
[0720/092849.941:ERROR:process_memory_win.cc(73)] ReadMemory at 0x21e628d2f00 of 62 bytes failed: Only part of a ReadProcessMemory or WriteProcessMemory request was completed. (0x12B)
[0720/092849.941:ERROR:process_memory_win.cc(73)] ReadMemory at 0x21e628d2fa0 of 62 bytes failed: Only part of a ReadProcessMemory or WriteProcessMemory request was completed. (0x12B)
[0720/092849.955:ERROR:process_memory_win.cc(73)] ReadMemory at 0x21e628d3040 of 62 bytes failed: Only part of a ReadProcessMemory or WriteProcessMemory request was completed. (0x12B)
[0720/092849.955:ERROR:process_memory_win.cc(73)] ReadMemory at 0x21e628d3130 of 66 bytes failed: Only part of a ReadProcessMemory or WriteProcessMemory request was completed. (0x12B)
[0720/092849.955:ERROR:process_memory_win.cc(73)] ReadMemory at 0x21e628d31d0 of 62 bytes failed: Only part of a ReadProcessMemory or WriteProcessMemory request was completed. (0x12B)
[0720/092849.955:ERROR:process_memory_win.cc(73)] ReadMemory at 0x21e628d3360 of 60 bytes failed: Only part of a ReadProcessMemory or WriteProcessMemory request was completed. (0x12B)
[0720/092849.968:ERROR:process_memory_win.cc(73)] ReadMemory at 0x21e628d36d0 of 60 bytes failed: Only part of a ReadProcessMemory or WriteProcessMemory request was completed. (0x12B)
[0720/092849.968:ERROR:process_memory_win.cc(73)] ReadMemory at 0x21e628d3720 of 62 bytes failed: Only part of a ReadProcessMemory or WriteProcessMemory request was completed. (0x12B)
[0720/092849.968:ERROR:process_memory_win.cc(73)] ReadMemory at 0x21e628d3770 of 64 bytes failed: Only part of a ReadProcessMemory or WriteProcessMemory request was completed. (0x12B)
[0720/092849.974:ERROR:process_memory_win.cc(73)] ReadMemory at 0x21e628d3830 of 132 bytes failed: Only part of a ReadProcessMemory or WriteProcessMemory request was completed. (0x12B)
[0720/092849.974:ERROR:process_memory_win.cc(73)] ReadMemory at 0x21e628d3960 of 132 bytes failed: Only part of a ReadProcessMemory or WriteProcessMemory request was completed. (0x12B)
[0720/092849.974:ERROR:process_memory_win.cc(73)] ReadMemory at 0x21e628d3cf0 of 132 bytes failed: Only part of a ReadProcessMemory or WriteProcessMemory request was completed. (0x12B)
[0720/092849.974:ERROR:process_memory_win.cc(73)] ReadMemory at 0x21e628d4080 of 132 bytes failed: Only part of a ReadProcessMemory or WriteProcessMemory request was completed. (0x12B)
[0720/092849.974:ERROR:process_memory_win.cc(73)] ReadMemory at 0x21e628d48d0 of 132 bytes failed: Only part of a ReadProcessMemory or WriteProcessMemory request was completed. (0x12B)
[0720/092849.974:ERROR:process_memory_win.cc(73)] ReadMemory at 0x21e628d4a00 of 132 bytes failed: Only part of a ReadProcessMemory or WriteProcessMemory request was completed. (0x12B)
[0720/092849.974:ERROR:process_memory_win.cc(73)] ReadMemory at 0x21e628d4b30 of 132 bytes failed: Only part of a ReadProcessMemory or WriteProcessMemory request was completed. (0x12B)
[0720/092849.974:ERROR:process_memory_win.cc(73)] ReadMemory at 0x21e628d5250 of 132 bytes failed: Only part of a ReadProcessMemory or WriteProcessMemory request was completed. (0x12B)
[0720/092849.974:ERROR:process_memory_win.cc(73)] ReadMemory at 0x21e628d5380 of 132 bytes failed: Only part of a ReadProcessMemory or WriteProcessMemory request was completed. (0x12B)
[0720/092849.974:ERROR:process_memory_win.cc(73)] ReadMemory at 0x21e628d54b0 of 132 bytes failed: Only part of a ReadProcessMemory or WriteProcessMemory request was completed. (0x12B)
[0720/092849.974:ERROR:process_memory_win.cc(73)] ReadMemory at 0x21e628e5650 of 512 bytes failed: Only part of a ReadProcessMemory or WriteProcessMemory request was completed. (0x12B)
[0720/092850.001:ERROR:process_memory_win.cc(73)] ReadMemory at 0x21e62936c90 of 512 bytes failed: Only part of a ReadProcessMemory or WriteProcessMemory request was completed. (0x12B)
[0720/092850.001:ERROR:process_memory_win.cc(73)] ReadMemory at 0x21e6294c200 of 512 bytes failed: Only part of a ReadProcessMemory or WriteProcessMemory request was completed. (0x12B)
[0720/092850.001:ERROR:process_memory_win.cc(73)] ReadMemory at 0x21e6294e570 of 512 bytes failed: Only part of a ReadProcessMemory or WriteProcessMemory request was completed. (0x12B)
[0720/092850.001:ERROR:process_memory_win.cc(73)] ReadMemory at 0x21e62954170 of 712 bytes failed: Only part of a ReadProcessMemory or WriteProcessMemory request was completed. (0x12B)
[0720/092850.051:ERROR:process_memory_win.cc(73)] ReadMemory at 0x21e6295a810 of 512 bytes failed: Only part of a ReadProcessMemory or WriteProcessMemory request was completed. (0x12B)
[0720/092850.051:ERROR:process_memory_win.cc(73)] ReadMemory at 0x21e629686f0 of 512 bytes failed: Only part of a ReadProcessMemory or WriteProcessMemory request was completed. (0x12B)
[0720/092850.051:ERROR:process_memory_win.cc(73)] ReadMemory at 0x21e62f94910 of 512 bytes failed: Only part of a ReadProcessMemory or WriteProcessMemory request was completed. (0x12B)
[0720/092850.051:ERROR:process_memory_win.cc(73)] ReadMemory at 0x21e6306b7d0 of 512 bytes failed: Only part of a ReadProcessMemory or WriteProcessMemory request was completed. (0x12B)
[0720/092850.051:ERROR:process_memory_win.cc(73)] ReadMemory at 0x21e63645898 of 512 bytes failed: Only part of a ReadProcessMemory or WriteProcessMemory request was completed. (0x12B)
[0720/092850.051:ERROR:process_memory_win.cc(73)] ReadMemory at 0x21e6367efb0 of 512 bytes failed: Only part of a ReadProcessMemory or WriteProcessMemory request was completed. (0x12B)
[0720/092850.065:ERROR:process_memory_win.cc(73)] ReadMemory at 0x21e691b7070 of 512 bytes failed: Only part of a ReadProcessMemory or WriteProcessMemory request was completed. (0x12B)
[0720/092850.065:ERROR:process_memory_win.cc(73)] ReadMemory at 0x21e6d49c170 of 512 bytes failed: Only part of a ReadProcessMemory or WriteProcessMemory request was completed. (0x12B)
[0720/092850.065:ERROR:process_memory_win.cc(73)] ReadMemory at 0x3d9600000000 of 384 bytes failed: Only part of a ReadProcessMemory or WriteProcessMemory request was completed. (0x12B)
[0720/092850.065:ERROR:process_memory_win.cc(73)] ReadMemory at 0x3d964d46871d of 512 bytes failed: Only part of a ReadProcessMemory or WriteProcessMemory request was completed. (0x12B)
[0720/092850.065:ERROR:process_memory_win.cc(73)] ReadMemory at 0x3d9674ab521d of 512 bytes failed: Only part of a ReadProcessMemory or WriteProcessMemory request was completed. (0x12B)
[0720/092850.065:ERROR:process_memory_win.cc(73)] ReadMemory at 0x61fa26941000 of 384 bytes failed: Only part of a ReadProcessMemory or WriteProcessMemory request was completed. (0x12B)
[0720/092850.066:ERROR:process_memory_win.cc(73)] ReadMemory at 0x61fa26950cd8 of 512 bytes failed: Only part of a ReadProcessMemory or WriteProcessMemory request was completed. (0x12B)
[0720/092850.066:ERROR:process_memory_win.cc(73)] ReadMemory at 0x61fa2695ef80 of 128 bytes failed: Only part of a ReadProcessMemory or WriteProcessMemory request was completed. (0x12B)
[0720/092850.066:ERROR:process_memory_win.cc(73)] ReadMemory at 0x7fffad9a0000 of 384 bytes failed: Only part of a ReadProcessMemory or WriteProcessMemory request was completed. (0x12B)
[0720/092850.066:ERROR:process_memory_win.cc(73)] ReadMemory at 0x7fffaf8b6eac of 512 bytes failed: Only part of a ReadProcessMemory or WriteProcessMemory request was completed. (0x12B)
[0720/092850.066:ERROR:process_memory_win.cc(73)] ReadMemory at 0x7fffafb871f0 of 512 bytes failed: Only part of a ReadProcessMemory or WriteProcessMemory request was completed. (0x12B)
[0720/092850.066:ERROR:process_memory_win.cc(73)] ReadMemory at 0x7fffb00558e2 of 512 bytes failed: Only part of a ReadProcessMemory or WriteProcessMemory request was completed. (0x12B)
[0720/092850.066:ERROR:process_memory_win.cc(73)] ReadMemory at 0x7fffb04b497c of 512 bytes failed: Only part of a ReadProcessMemory or WriteProcessMemory request was completed. (0x12B)
[0720/092850.066:ERROR:process_memory_win.cc(73)] ReadMemory at 0x7fffb4e6c100 of 512 bytes failed: Only part of a ReadProcessMemory or WriteProcessMemory request was completed. (0x12B)
[0720/092850.066:ERROR:process_memory_win.cc(73)] ReadMemory at 0x7fffb559539e of 512 bytes failed: Only part of a ReadProcessMemory or WriteProcessMemory request was completed. (0x12B)
[0720/092850.086:ERROR:process_memory_win.cc(73)] ReadMemory at 0x7ffffca3a719 of 512 bytes failed: Only part of a ReadProcessMemory or WriteProcessMemory request was completed. (0x12B)
[0720/092850.086:ERROR:process_memory_win.cc(73)] ReadMemory at 0x7fffff91c074 of 672 bytes failed: Only part of a ReadProcessMemory or WriteProcessMemory request was completed. (0x12B)
[0720/092850.136:ERROR:process_memory_win.cc(73)] ReadMemory at 0x7fffff91c674 of 512 bytes failed: Only part of a ReadProcessMemory or WriteProcessMemory request was completed. (0x12B)
[0720/092850.136:ERROR:process_memory_win.cc(73)] ReadMemory at 0x7fffff91f924 of 608 bytes failed: Only part of a ReadProcessMemory or WriteProcessMemory request was completed. (0x12B)
[0720/092850.136:ERROR:process_memory_win.cc(73)] ReadMemory at 0x7fffff9ac428 of 18 bytes failed: Only part of a ReadProcessMemory or WriteProcessMemory request was completed. (0x12B)
[0720/092850.136:ERROR:process_memory_win.cc(73)] ReadMemory at 0x7fffff9df4f8 of 40 bytes failed: Only part of a ReadProcessMemory or WriteProcessMemory request was completed. (0x12B)
[0720/092850.136:ERROR:process_memory_win.cc(73)] ReadMemory at 0x7fffff9df978 of 48 bytes failed: Only part of a ReadProcessMemory or WriteProcessMemory request was completed. (0x12B)
[0720/092850.136:ERROR:process_memory_win.cc(73)] ReadMemory at 0x7fffff9e53c0 of 64 bytes failed: Only part of a ReadProcessMemory or WriteProcessMemory request was completed. (0x12B)
[0720/092850.245:ERROR:scoped_process_suspend.cc(40)] NtResumeProcess: An attempt was made to access an exiting process. (0xc000010a)
[0728/191216.070:ERROR:process_reader_win.cc(123)] NtOpenThread: {Access Denied} A process has requested access to an object, but has not been granted those access rights. (0xc0000022)
[0728/191216.155:ERROR:process_reader_win.cc(123)] NtOpenThread: {Access Denied} A process has requested access to an object, but has not been granted those access rights. (0xc0000022)
[0728/191216.191:ERROR:exception_snapshot_win.cc(98)] thread ID 11672 not found in process
[0728/191216.157:ERROR:process_reader_win.cc(123)] NtOpenThread: {Access Denied} A process has requested access to an object, but has not been granted those access rights. (0xc0000022)
[0728/191216.164:ERROR:process_reader_win.cc(123)] NtOpenThread: {Access Denied} A process has requested access to an object, but has not been granted those access rights. (0xc0000022)
[0728/191216.165:ERROR:process_reader_win.cc(123)] NtOpenThread: {Access Denied} A process has requested access to an object, but has not been granted those access rights. (0xc0000022)
[0728/191216.169:ERROR:process_reader_win.cc(123)] NtOpenThread: {Access Denied} A process has requested access to an object, but has not been granted those access rights. (0xc0000022)
[0728/191216.173:ERROR:process_reader_win.cc(123)] NtOpenThread: {Access Denied} A process has requested access to an object, but has not been granted those access rights. (0xc0000022)
[0728/191216.191:ERROR:exception_snapshot_win.cc(98)] thread ID 13028 not found in process
[0728/191216.164:ERROR:process_reader_win.cc(123)] NtOpenThread: {Access Denied} A process has requested access to an object, but has not been granted those access rights. (0xc0000022)
[0728/191216.191:ERROR:exception_snapshot_win.cc(98)] thread ID 8804 not found in process
[0728/191216.191:ERROR:exception_snapshot_win.cc(98)] thread ID 15876 not found in process
[0728/191216.191:ERROR:exception_snapshot_win.cc(98)] thread ID 13304 not found in process
[0728/191216.191:ERROR:exception_snapshot_win.cc(98)] thread ID 13776 not found in process
[0728/191216.191:ERROR:exception_snapshot_win.cc(98)] thread ID 1388 not found in process
[0728/191216.192:ERROR:exception_snapshot_win.cc(98)] thread ID 9280 not found in process
[0731/134904.208:ERROR:process_info.cc(359)] UncheckedAllocate
